<?xml version="1.0" encoding="UTF-8"?>
<testsuite name="PointTest" tests="3" skipped="0" failures="0" errors="0" timestamp="2023-12-17T12:13:47" hostname="WOOYONG" time="0.003">
  <properties/>
  <testcase name="援щℓ �썑 �늻�쟻 �룷�씤�듃 �빀怨� �뀒�뒪�듃" classname="PointTest" time="0.002"/>
  <testcase name="�솚遺� �썑 �늻�쟻 �룷�씤�듃 �빀怨� �뀒�뒪�듃" classname="PointTest" time="0.0"/>
  <testcase name="�늻�쟻 �룷�씤�듃 �빀怨� �뀒�뒪�듃" classname="PointTest" time="0.0"/>
  <system-out><![CDATA[]]></system-out>
  <system-err><![CDATA[]]></system-err>
</testsuite>
