<?xml version="1.0" encoding="UTF-8"?>
<testsuite name="MemberShipTest" tests="1" skipped="0" failures="0" errors="0" timestamp="2023-12-17T12:13:46" hostname="WOOYONG" time="0.036">
  <properties/>
  <testcase name="�쉶�썝 �벑湲� �뀒�뒪�듃" classname="MemberShipTest" time="0.036"/>
  <system-out><![CDATA[]]></system-out>
  <system-err><![CDATA[]]></system-err>
</testsuite>
